{
  "stats": {
    "suites": 1,
    "tests": 1,
    "passes": 0,
    "pending": 0,
    "failures": 1,
    "start": "2024-11-06T14:04:23.022Z",
    "end": "2024-11-06T14:04:23.572Z",
    "duration": 550,
    "testsRegistered": 1,
    "passPercent": 0,
    "pendingPercent": 0,
    "other": 0,
    "hasOther": false,
    "skipped": 0,
    "hasSkipped": false
  },
  "results": [
    {
      "uuid": "f6f6f688-6949-4c61-81c0-1eb5edf3d84d",
      "title": "",
      "fullFile": "C:\\Rafal\\testwarez-warsztaty\\testwarez-workshop\\tests\\api.test.js",
      "file": "\\tests\\api.test.js",
      "beforeHooks": [],
      "afterHooks": [],
      "tests": [],
      "suites": [
        {
          "uuid": "840c1e36-e8ff-40de-8c75-1d8a40bcf771",
          "title": "Api tests",
          "fullFile": "C:\\Rafal\\testwarez-warsztaty\\testwarez-workshop\\tests\\api.test.js",
          "file": "\\tests\\api.test.js",
          "beforeHooks": [],
          "afterHooks": [],
          "tests": [
            {
              "title": "Generate token",
              "fullTitle": "Api tests Generate token",
              "timedOut": false,
              "duration": 541,
              "state": "failed",
              "speed": null,
              "pass": false,
              "fail": true,
              "pending": false,
              "context": null,
              "code": "const response = await spec()\n  .post(`${baseUrl}/Account/v1/GenerateToken`)\n  .withBody({\n    userName: user,\n    password: password,\n  })\n  .inspect();\ntoken_response = response.body.token;\nconsole.log(token_response);\nexpect(response.statusCode).to.eql(200);\nexpect(response.body.result).to.eql(\"User authorized successfully.\");",
              "err": {
                "message": "AssertionError: expected 'User authorization failed.' to deeply equal 'User authorized successfully.'",
                "estack": "AssertionError: expected 'User authorization failed.' to deeply equal 'User authorized successfully.'\n    at Context.<anonymous> (file:///C:/Rafal/testwarez-warsztaty/testwarez-workshop/tests/api.test.js:41:37)\n    at process.processTicksAndRejections (node:internal/process/task_queues:95:5)",
                "diff": "- User authorization failed.\n+ User authorized successfully.\n"
              },
              "uuid": "f1643961-7aab-491c-8646-4f7a902b6b5e",
              "parentUUID": "840c1e36-e8ff-40de-8c75-1d8a40bcf771",
              "isHook": false,
              "skipped": false
            }
          ],
          "suites": [],
          "passes": [],
          "failures": [
            "f1643961-7aab-491c-8646-4f7a902b6b5e"
          ],
          "pending": [],
          "skipped": [],
          "duration": 541,
          "root": false,
          "rootEmpty": false,
          "_timeout": 10000
        }
      ],
      "passes": [],
      "failures": [],
      "pending": [],
      "skipped": [],
      "duration": 0,
      "root": true,
      "rootEmpty": true,
      "_timeout": 10000
    }
  ],
  "meta": {
    "mocha": {
      "version": "10.8.2"
    },
    "mochawesome": {
      "options": {
        "quiet": false,
        "reportFilename": "mochawesome",
        "saveHtml": true,
        "saveJson": true,
        "consoleReporter": "spec",
        "useInlineDiffs": false,
        "code": true
      },
      "version": "7.1.3"
    },
    "marge": {
      "options": null,
      "version": "6.2.0"
    }
  }
}